Creating /home/zmichaelov/webapps/duke_exchange/lib/python2.6/site.py
Searching for html5lib
Reading http://pypi.python.org/simple/html5lib/
Reading http://code.google.com/p/html5lib/
Best match: html5lib 0.90
Downloading http://html5lib.googlecode.com/files/html5lib-0.90.zip
Processing html5lib-0.90.zip
Running html5lib-0.90/setup.py -q bdist_egg --dist-dir /tmp/easy_install-m4fbhf/html5lib-0.90/egg-dist-tmp-5snirJ
zip_safe flag not set; analyzing archive contents...
Adding html5lib 0.90 to easy-install.pth file

Installed /home/zmichaelov/webapps/duke_exchange/lib/python2.6/html5lib-0.90-py2.6.egg
Processing dependencies for html5lib
Finished processing dependencies for html5lib
Searching for ElementTree
Reading http://pypi.python.org/simple/ElementTree/
Reading http://effbot.org/zone/element-index.htm
Reading http://effbot.org/downloads#elementtree
Best match: elementtree 1.2.7-20070827-preview
Downloading http://effbot.org/media/downloads/elementtree-1.2.7-20070827-preview.zip
Processing elementtree-1.2.7-20070827-preview.zip
Running elementtree-1.2.7-20070827-preview/setup.py -q bdist_egg --dist-dir /tmp/easy_install-xkHiQD/elementtree-1.2.7-20070827-preview/egg-dist-tmp-gIlx5i
zip_safe flag not set; analyzing archive contents...
Adding elementtree 1.2.7-20070827-preview to easy-install.pth file

Installed /home/zmichaelov/webapps/duke_exchange/lib/python2.6/elementtree-1.2.7_20070827_preview-py2.6.egg
Processing dependencies for ElementTree
Finished processing dependencies for ElementTree
Searching for Markdown
Reading http://pypi.python.org/simple/Markdown/
Reading http://www.freewisdom.org/projects/python-markdown/
Reading http://www.freewisdom.org/projects/python-markdown
Reading https://sourceforge.net/project/showfiles.php?group_id=153041
Best match: Markdown 2.0.3
Downloading http://pypi.python.org/packages/source/M/Markdown/Markdown-2.0.3.tar.gz
Processing Markdown-2.0.3.tar.gz
Running Markdown-2.0.3/setup.py -q bdist_egg --dist-dir /tmp/easy_install-vvle98/Markdown-2.0.3/egg-dist-tmp-k2ad6C
zip_safe flag not set; analyzing archive contents...
Adding Markdown 2.0.3 to easy-install.pth file
Installing markdown script to /home/zmichaelov/webapps/duke_exchange/lib/python2.6/

Installed /home/zmichaelov/webapps/duke_exchange/lib/python2.6/Markdown-2.0.3-py2.6.egg
Processing dependencies for Markdown
Finished processing dependencies for Markdown
Searching for python-openid
Reading http://pypi.python.org/simple/python-openid/
Reading http://www.openidenabled.com/openid/libraries/python/
Reading http://github.com/openid/python-openid
Reading http://github.com/openid/python-openid/tarball/2.2.5
Reading http://openidenabled.com/python-openid/
Reading http://github.com/openid/python-openid/tarball/2.2.4
Best match: python-openid 2.2.5
Downloading http://pypi.python.org/packages/source/p/python-openid/python-openid-2.2.5.zip#md5=f89d9d4f4dccfd33b5ce34eb4725f751
Processing python-openid-2.2.5.zip
Running python-openid-2.2.5/setup.py -q bdist_egg --dist-dir /tmp/easy_install-jbyMPR/python-openid-2.2.5/egg-dist-tmp-jDEk6E
warning: no files found matching 'CHANGELOG'
warning: no files found matching '*.css' under directory 'doc'
warning: no files found matching '*.html' under directory 'doc'
zip_safe flag not set; analyzing archive contents...
Adding python-openid 2.2.5 to easy-install.pth file

Installed /home/zmichaelov/webapps/duke_exchange/lib/python2.6/python_openid-2.2.5-py2.6.egg
Processing dependencies for python-openid
Finished processing dependencies for python-openid
Creating table auth_permission
Creating table auth_group_permissions
Creating table auth_group
Creating table auth_user_user_permissions
Creating table auth_user_groups
Creating table auth_user
Creating table auth_message
Creating table django_content_type
Creating table django_session
Creating table django_site
Creating table django_admin_log
Creating table forum_keyvalue
Creating table forum_user
Creating table forum_userproperty
Creating table forum_subscriptionsettings
Creating table forum_validationhash
Creating table forum_authkeyuserassociation
Creating table forum_tag
Creating table forum_markedtag
Creating table forum_node_tags
Creating table forum_node
Creating table forum_noderevision
Creating table forum_nodestate
Creating table forum_action
Creating table forum_actionrepute
Creating table forum_questionsubscription
Creating table forum_vote
Creating table forum_flag
Creating table forum_badge
Creating table forum_award
Creating table forum_openidnonce
Creating table forum_openidassociation
Installing index for auth.Permission model
Installing index for auth.Group_permissions model
Installing index for auth.User_user_permissions model
Installing index for auth.User_groups model
Installing index for auth.Message model
Installing index for admin.LogEntry model
Installing index for forum.UserProperty model
Installing index for forum.ValidationHash model
Installing index for forum.AuthKeyUserAssociation model
Installing index for forum.Tag model
Installing index for forum.MarkedTag model
Installing index for forum.Node_tags model
Installing index for forum.Node model
Installing index for forum.NodeRevision model
Installing index for forum.NodeState model
Installing index for forum.Action model
Installing index for forum.ActionRepute model
Installing index for forum.QuestionSubscription model
Installing index for forum.Vote model
Installing index for forum.Flag model
Installing index for forum.Award model
No fixtures found.
